mode: set
github.com/hengadev/encx/providers/awskms/awskms.go:57.64,61.26 3 1
github.com/hengadev/encx/providers/awskms/awskms.go:61.26,63.3 1 1
github.com/hengadev/encx/providers/awskms/awskms.go:63.8,66.23 2 1
github.com/hengadev/encx/providers/awskms/awskms.go:66.23,68.4 1 1
github.com/hengadev/encx/providers/awskms/awskms.go:70.3,71.17 2 1
github.com/hengadev/encx/providers/awskms/awskms.go:71.17,73.4 1 0
github.com/hengadev/encx/providers/awskms/awskms.go:76.2,79.8 1 1
github.com/hengadev/encx/providers/awskms/awskms.go:88.82,90.21 1 1
github.com/hengadev/encx/providers/awskms/awskms.go:90.21,92.3 1 1
github.com/hengadev/encx/providers/awskms/awskms.go:95.2,96.45 2 1
github.com/hengadev/encx/providers/awskms/awskms.go:96.45,98.3 1 1
github.com/hengadev/encx/providers/awskms/awskms.go:101.2,106.16 3 1
github.com/hengadev/encx/providers/awskms/awskms.go:106.16,108.3 1 1
github.com/hengadev/encx/providers/awskms/awskms.go:110.2,110.66 1 1
github.com/hengadev/encx/providers/awskms/awskms.go:110.66,112.3 1 1
github.com/hengadev/encx/providers/awskms/awskms.go:114.2,114.39 1 1
github.com/hengadev/encx/providers/awskms/awskms.go:124.89,133.16 3 1
github.com/hengadev/encx/providers/awskms/awskms.go:133.16,135.3 1 1
github.com/hengadev/encx/providers/awskms/awskms.go:137.2,137.66 1 1
github.com/hengadev/encx/providers/awskms/awskms.go:137.66,139.3 1 1
github.com/hengadev/encx/providers/awskms/awskms.go:141.2,141.39 1 1
github.com/hengadev/encx/providers/awskms/awskms.go:153.102,154.25 1 1
github.com/hengadev/encx/providers/awskms/awskms.go:154.25,156.3 1 1
github.com/hengadev/encx/providers/awskms/awskms.go:158.2,164.16 3 1
github.com/hengadev/encx/providers/awskms/awskms.go:164.16,166.3 1 1
github.com/hengadev/encx/providers/awskms/awskms.go:168.2,168.34 1 1
github.com/hengadev/encx/providers/awskms/awskms.go:168.34,170.3 1 1
github.com/hengadev/encx/providers/awskms/awskms.go:173.2,174.29 2 1
github.com/hengadev/encx/providers/awskms/awskms.go:184.103,185.26 1 1
github.com/hengadev/encx/providers/awskms/awskms.go:185.26,187.3 1 1
github.com/hengadev/encx/providers/awskms/awskms.go:190.2,191.16 2 1
github.com/hengadev/encx/providers/awskms/awskms.go:191.16,193.3 1 1
github.com/hengadev/encx/providers/awskms/awskms.go:195.2,200.17 2 1
github.com/hengadev/encx/providers/awskms/awskms.go:200.17,202.3 1 1
github.com/hengadev/encx/providers/awskms/awskms.go:204.2,205.16 2 1
github.com/hengadev/encx/providers/awskms/awskms.go:205.16,207.3 1 1
github.com/hengadev/encx/providers/awskms/awskms.go:209.2,209.29 1 1
github.com/hengadev/encx/providers/awskms/awskms.go:209.29,211.3 1 1
github.com/hengadev/encx/providers/awskms/awskms.go:213.2,213.30 1 1
github.com/hengadev/encx/providers/awskms/awskms.go:217.38,219.2 1 1
